Time resolution is 1 ps
Stopped at time : 0 fs : File "/home/fausto/ArqComp-TP2/test_benchs/tb_alu_interface.v" Line 18
Stopped at time : 0 fs : File "/home/fausto/ArqComp-TP2/test_benchs/tb_alu_interface.v" Line 21
Stopped at time : 0 fs : File "/home/fausto/ArqComp-TP2/test_benchs/tb_alu_interface.v" Line 30
Stopped at time : 0 fs : File "/home/fausto/ArqComp-TP2/proyecto_vivado/TP2.sim/sim_1/behav/xsim/glbl.v" Line 62
Stopped at time : 0 fs : File "/home/fausto/ArqComp-TP2/proyecto_vivado/TP2.sim/sim_1/behav/xsim/glbl.v" Line 63
Stopped at time : 0 fs : File "/home/fausto/ArqComp-TP2/proyecto_vivado/TP2.sim/sim_1/behav/xsim/glbl.v" Line 64
Stopped at time : 0 fs : File "/home/fausto/ArqComp-TP2/proyecto_vivado/TP2.sim/sim_1/behav/xsim/glbl.v" Line 70
Stopped at time : 0 fs : File "/home/fausto/ArqComp-TP2/proyecto_vivado/TP2.sim/sim_1/behav/xsim/glbl.v" Line 71
Stopped at time : 0 fs : File "/home/fausto/ArqComp-TP2/proyecto_vivado/TP2.sim/sim_1/behav/xsim/glbl.v" Line 76
Stopped at time : 0 fs : File "/home/fausto/ArqComp-TP2/proyecto_vivado/TP2.sim/sim_1/behav/xsim/glbl.v" Line 77
Stopped at time : 0 fs : File "/home/fausto/ArqComp-TP2/proyecto_vivado/TP2.sim/sim_1/behav/xsim/glbl.v" Line 56
Stopped at time : 0 fs : File "/home/fausto/ArqComp-TP2/proyecto_vivado/TP2.sim/sim_1/behav/xsim/glbl.v" Line 58
Stopped at time : 0 fs : File "/home/fausto/ArqComp-TP2/proyecto_vivado/TP2.sim/sim_1/behav/xsim/glbl.v" Line 57
Stopped at time : 0 fs : File "/home/fausto/ArqComp-TP2/proyecto_vivado/TP2.sim/sim_1/behav/xsim/glbl.v" Line 59
Stopped at time : 0 fs : File "/home/fausto/ArqComp-TP2/proyecto_vivado/TP2.sim/sim_1/behav/xsim/glbl.v" Line 72
Stopped at time : 0 fs : File "/home/fausto/ArqComp-TP2/proyecto_vivado/TP2.sim/sim_1/behav/xsim/glbl.v" Line 57
Stopped at time : 1 ns : File "/home/fausto/ArqComp-TP2/test_benchs/tb_alu_interface.v" Line 30
Stopped at time : 1 ns : File "/home/fausto/ArqComp-TP2/test_benchs/tb_alu_interface.v" Line 30
Stopped at time : 1 ns : File "/home/fausto/ArqComp-TP2/interface.v" Line 35
Stopped at time : 1 ns : File "/home/fausto/ArqComp-TP2/interface.v" Line 41
Stopped at time : 1 ns : File "/home/fausto/ArqComp-TP2/interface.v" Line 34
Stopped at time : 1 ns : File "/home/fausto/ArqComp-TP2/interface.v" Line 46
Stopped at time : 1 ns : File "/home/fausto/ArqComp-TP2/interface.v" Line 55
Stopped at time : 1 ns : File "/home/fausto/ArqComp-TP2/interface.v" Line 45
Stopped at time : 2 ns : File "/home/fausto/ArqComp-TP2/test_benchs/tb_alu_interface.v" Line 30
Stopped at time : 2 ns : File "/home/fausto/ArqComp-TP2/test_benchs/tb_alu_interface.v" Line 30
Stopped at time : 3 ns : File "/home/fausto/ArqComp-TP2/test_benchs/tb_alu_interface.v" Line 21
Stopped at time : 3 ns : File "/home/fausto/ArqComp-TP2/test_benchs/tb_alu_interface.v" Line 22
Stopped at time : 3 ns : File "/home/fausto/ArqComp-TP2/test_benchs/tb_alu_interface.v" Line 30
Stopped at time : 3 ns : File "/home/fausto/ArqComp-TP2/test_benchs/tb_alu_interface.v" Line 30
Stopped at time : 3 ns : File "/home/fausto/ArqComp-TP2/interface.v" Line 35
Stopped at time : 3 ns : File "/home/fausto/ArqComp-TP2/interface.v" Line 37
Stopped at time : 3 ns : File "/home/fausto/ArqComp-TP2/interface.v" Line 34
Stopped at time : 3 ns : File "/home/fausto/ArqComp-TP2/interface.v" Line 46
Stopped at time : 3 ns : File "/home/fausto/ArqComp-TP2/interface.v" Line 47
Stopped at time : 3 ns : File "/home/fausto/ArqComp-TP2/interface.v" Line 48
Stopped at time : 3 ns : File "/home/fausto/ArqComp-TP2/interface.v" Line 49
Stopped at time : 3 ns : File "/home/fausto/ArqComp-TP2/interface.v" Line 50
Stopped at time : 3 ns : File "/home/fausto/ArqComp-TP2/interface.v" Line 51
Stopped at time : 3 ns : File "/home/fausto/ArqComp-TP2/interface.v" Line 52
Stopped at time : 3 ns : File "/home/fausto/ArqComp-TP2/interface.v" Line 55
Stopped at time : 3 ns : File "/home/fausto/ArqComp-TP2/interface.v" Line 45
Stopped at time : 3 ns : File "/home/fausto/ArqComp-TP2/interface.v" Line 114
Stopped at time : 3 ns : File "/home/fausto/ArqComp-TP2/interface.v" Line 115
Stopped at time : 3 ns : File "/home/fausto/ArqComp-TP2/interface.v" Line 111
Stopped at time : 3 ns : File "/home/fausto/ArqComp-TP2/interface.v" Line 112
Stopped at time : 3 ns : File "/home/fausto/ArqComp-TP2/interface.v" Line 110
Stopped at time : 3 ns : File "/home/fausto/ArqComp-TP2/ALU.v" Line 32
Stopped at time : 3 ns : File "/home/fausto/ArqComp-TP2/ALU.v" Line 50
Stopped at time : 3 ns : File "/home/fausto/ArqComp-TP2/ALU.v" Line 30
Stopped at time : 3 ns : File "/home/fausto/ArqComp-TP2/ALU.v" Line 54
Stopped at time : 4 ns : File "/home/fausto/ArqComp-TP2/test_benchs/tb_alu_interface.v" Line 30
Stopped at time : 4 ns : File "/home/fausto/ArqComp-TP2/test_benchs/tb_alu_interface.v" Line 30
Stopped at time : 5 ns : File "/home/fausto/ArqComp-TP2/test_benchs/tb_alu_interface.v" Line 30
Stopped at time : 5 ns : File "/home/fausto/ArqComp-TP2/test_benchs/tb_alu_interface.v" Line 30
Stopped at time : 5 ns : File "/home/fausto/ArqComp-TP2/interface.v" Line 35
Stopped at time : 5 ns : File "/home/fausto/ArqComp-TP2/interface.v" Line 37
Stopped at time : 5 ns : File "/home/fausto/ArqComp-TP2/interface.v" Line 34
Stopped at time : 5 ns : File "/home/fausto/ArqComp-TP2/interface.v" Line 46
Stopped at time : 5 ns : File "/home/fausto/ArqComp-TP2/interface.v" Line 47
Stopped at time : 5 ns : File "/home/fausto/ArqComp-TP2/interface.v" Line 48
Stopped at time : 5 ns : File "/home/fausto/ArqComp-TP2/interface.v" Line 49
Stopped at time : 5 ns : File "/home/fausto/ArqComp-TP2/interface.v" Line 50
Stopped at time : 5 ns : File "/home/fausto/ArqComp-TP2/interface.v" Line 51
Stopped at time : 5 ns : File "/home/fausto/ArqComp-TP2/interface.v" Line 52
Stopped at time : 5 ns : File "/home/fausto/ArqComp-TP2/interface.v" Line 55
Stopped at time : 5 ns : File "/home/fausto/ArqComp-TP2/interface.v" Line 58
Stopped at time : 5 ns : File "/home/fausto/ArqComp-TP2/interface.v" Line 45
Stopped at time : 6 ns : File "/home/fausto/ArqComp-TP2/test_benchs/tb_alu_interface.v" Line 22
Stopped at time : 6 ns : File "/home/fausto/ArqComp-TP2/test_benchs/tb_alu_interface.v" Line 23
Stopped at time : 6 ns : File "/home/fausto/ArqComp-TP2/test_benchs/tb_alu_interface.v" Line 30
Stopped at time : 6 ns : File "/home/fausto/ArqComp-TP2/test_benchs/tb_alu_interface.v" Line 30
Stopped at time : 7 ns : File "/home/fausto/ArqComp-TP2/test_benchs/tb_alu_interface.v" Line 30
Stopped at time : 7 ns : File "/home/fausto/ArqComp-TP2/test_benchs/tb_alu_interface.v" Line 30
Stopped at time : 7 ns : File "/home/fausto/ArqComp-TP2/interface.v" Line 35
Stopped at time : 7 ns : File "/home/fausto/ArqComp-TP2/interface.v" Line 41
Stopped at time : 7 ns : File "/home/fausto/ArqComp-TP2/interface.v" Line 34
Stopped at time : 7 ns : File "/home/fausto/ArqComp-TP2/interface.v" Line 46
Stopped at time : 7 ns : File "/home/fausto/ArqComp-TP2/interface.v" Line 55
Stopped at time : 7 ns : File "/home/fausto/ArqComp-TP2/interface.v" Line 58
Stopped at time : 7 ns : File "/home/fausto/ArqComp-TP2/interface.v" Line 45
Stopped at time : 8 ns : File "/home/fausto/ArqComp-TP2/test_benchs/tb_alu_interface.v" Line 30
Stopped at time : 8 ns : File "/home/fausto/ArqComp-TP2/test_benchs/tb_alu_interface.v" Line 30
Stopped at time : 9 ns : File "/home/fausto/ArqComp-TP2/test_benchs/tb_alu_interface.v" Line 23
Stopped at time : 9 ns : File "/home/fausto/ArqComp-TP2/test_benchs/tb_alu_interface.v" Line 24
Stopped at time : 9 ns : File "/home/fausto/ArqComp-TP2/test_benchs/tb_alu_interface.v" Line 30
Stopped at time : 9 ns : File "/home/fausto/ArqComp-TP2/test_benchs/tb_alu_interface.v" Line 30
Stopped at time : 9 ns : File "/home/fausto/ArqComp-TP2/interface.v" Line 35
Stopped at time : 9 ns : File "/home/fausto/ArqComp-TP2/interface.v" Line 41
Stopped at time : 9 ns : File "/home/fausto/ArqComp-TP2/interface.v" Line 34
Stopped at time : 9 ns : File "/home/fausto/ArqComp-TP2/interface.v" Line 46
Stopped at time : 9 ns : File "/home/fausto/ArqComp-TP2/interface.v" Line 55
Stopped at time : 9 ns : File "/home/fausto/ArqComp-TP2/interface.v" Line 58
Stopped at time : 9 ns : File "/home/fausto/ArqComp-TP2/interface.v" Line 45
